18.02.2024 21:22:13 inf ADM > Starting admin AMIR...
18.02.2024 21:22:14 inf ADM > Admin AMIR started
18.02.2024 21:22:50 inf ADM > REPLIED: 6779413798 PLAYERSID_BOT  PLAYERSID_BOT True ()
18.02.2024 21:22:50 inf ADM > Circular buffer: cntr=1 length=1
18.02.2024 21:23:07 inf ADM > REPLIED: 6490654134 Saif Ali  True ()
18.02.2024 21:23:07 inf ADM > Circular buffer: cntr=2 length=2
18.02.2024 21:23:31 inf ADM > REPLIED: 6674101594 Tarapado Pradhan Tarapado Pradhan  True ()
18.02.2024 21:23:31 inf ADM > Circular buffer: cntr=3 length=3
18.02.2024 21:23:54 inf ADM > REPLIED: 5803964973 Saurav   True ()
18.02.2024 21:23:54 inf ADM > Circular buffer: cntr=4 length=4
18.02.2024 21:24:45 inf ADM > LastState=504134 18.02.2024 18:24:45 0 66140
18.02.2024 21:24:45 inf ADM > WROTE: 1207713210 M N K  
18.02.2024 21:26:22 inf ADM > REPLIED: 5992180662 Yogesh Lohani  True ()
18.02.2024 21:26:22 inf ADM > Circular buffer: cntr=5 length=5
18.02.2024 21:27:06 inf ADM > REPLIED: 6888571406 Utkarah Shrivastava  True ()
18.02.2024 21:27:06 inf ADM > Circular buffer: cntr=6 length=6
18.02.2024 21:27:21 inf ADM > UpdatesTooLong
18.02.2024 21:29:14 inf ADM > REPLIED: 654262800 Patel Meet  True ()
18.02.2024 21:29:14 inf ADM > Circular buffer: cntr=7 length=7
18.02.2024 21:29:33 inf ADM > REPLIED: 1207713210 M N K   True ()
18.02.2024 21:29:33 inf ADM > Circular buffer: cntr=8 length=8
18.02.2024 21:31:06 inf ADM > LastState=504168 18.02.2024 18:31:06 0 66259
18.02.2024 21:31:06 inf ADM > WROTE: 6038942913 Sahil Sahab 
18.02.2024 21:31:24 inf ADM > REPLIED: 6444234788 Vishal Honakhande  True ()
18.02.2024 21:31:24 inf ADM > Circular buffer: cntr=9 length=9
