30.01.2023 22:36:02 inf > Moderator stopped
30.01.2023 22:36:02 inf > Startting moderator...
30.01.2023 22:36:27 inf > Moderator started, bot username=W20_MODERATOR_BOT channelID=-1001842421061
30.01.2023 22:36:35 inf > KRD INDA07 LEFT -1001842421061 1481806946 Alexey  @asknvl NOLINK 
30.01.2023 22:36:45 inf > INDA07 APPROVED(1) -1001842421061 1481806946 Alexey  asknvl INDA01 COLA01 PERA01 PERX01 PERX03 PERX02 COLX01 COLX04 INDA04 INDA05 INDA03 INDA06 INDA02 COLT02 MEXA01 PERX04 PERX09 PERX06 PERX07 COLX03 COLX06 COLX07 MEXX01 COLA02 RUSA01 INDT01 COLA04 MEXA02 COLA05 MEXA03 INDA08 COLT01 PERT01 MEXX02 MEXX03 
30.01.2023 22:36:46 err > Too Many Requests: retry after 17
30.01.2023 22:37:32 inf > KRD INDA07 LEFT -1001842421061 1481806946 Alexey  @asknvl NOLINK 
30.01.2023 22:44:28 inf > INDA07 SMART_PUSH: delivered 0
30.01.2023 22:45:53 err > Telegram.Bot.Exceptions.RequestException: Exception during making request
 ---> System.Net.Http.HttpRequestException: An error occurred while sending the request.
 ---> System.IO.IOException: Unable to read data from the transport connection: Программа на вашем хост-компьютере разорвала установленное подключение..
 ---> System.Net.Sockets.SocketException (10053): Программа на вашем хост-компьютере разорвала установленное подключение.
   --- End of inner exception stack trace ---
   at System.Net.Sockets.Socket.AwaitableSocketAsyncEventArgs.ThrowException(SocketError error, CancellationToken cancellationToken)
   at System.Net.Sockets.Socket.AwaitableSocketAsyncEventArgs.System.Threading.Tasks.Sources.IValueTaskSource<System.Int32>.GetResult(Int16 token)
   at System.Net.Security.SslStream.EnsureFullTlsFrameAsync[TIOAdapter](TIOAdapter adapter)
   at System.Net.Security.SslStream.ReadAsyncInternal[TIOAdapter](TIOAdapter adapter, Memory`1 buffer)
   at System.Net.Http.HttpConnection.SendAsyncCore(HttpRequestMessage request, Boolean async, CancellationToken cancellationToken)
   --- End of inner exception stack trace ---
   at System.Net.Http.HttpConnection.SendAsyncCore(HttpRequestMessage request, Boolean async, CancellationToken cancellationToken)
   at System.Net.Http.HttpConnectionPool.SendWithVersionDetectionAndRetryAsync(HttpRequestMessage request, Boolean async, Boolean doRequestAuth, CancellationToken cancellationToken)
   at System.Net.Http.RedirectHandler.SendAsync(HttpRequestMessage request, Boolean async, CancellationToken cancellationToken)
   at System.Net.Http.HttpClient.<SendAsync>g__Core|83_0(HttpRequestMessage request, HttpCompletionOption completionOption, CancellationTokenSource cts, Boolean disposeCts, CancellationTokenSource pendingRequestsCts, CancellationToken originalCancellationToken)
   at Telegram.Bot.TelegramBotClient.<MakeRequestAsync>g__SendRequestAsync|21_0[TResponse](HttpClient httpClient, HttpRequestMessage httpRequest, CancellationToken cancellationToken)
   --- End of inner exception stack trace ---
   at Telegram.Bot.TelegramBotClient.<MakeRequestAsync>g__SendRequestAsync|21_0[TResponse](HttpClient httpClient, HttpRequestMessage httpRequest, CancellationToken cancellationToken)
   at Telegram.Bot.TelegramBotClient.MakeRequestAsync[TResponse](IRequest`1 request, CancellationToken cancellationToken)
   at Telegram.Bot.Extensions.Polling.DefaultUpdateReceiver.ReceiveAsync(IUpdateHandler updateHandler, CancellationToken cancellationToken)
