05.02.2023 13:58:56 inf LNK > Link control started
05.02.2023 13:58:56 inf LNK > Links available: 137
05.02.2023 13:58:56 inf LNK > Link generate request:
05.02.2023 13:58:57 inf LNK > generated:https://t.me/+5ZBRjKnmPo0yNmU8
05.02.2023 13:58:57 inf LNK > server: enqueued
05.02.2023 13:58:57 inf LNK > Link generated https://t.me/+5ZBRjKnmPo0yNmU8
05.02.2023 13:58:57 inf LNK > Generated by controller
05.02.2023 13:59:00 inf LNK > Links available: 138
05.02.2023 13:59:00 inf LNK > Link generate request:
05.02.2023 13:59:00 inf LNK > generated:https://t.me/+gjMs99o1b8o1ZWRk
05.02.2023 13:59:00 inf LNK > server: enqueued
05.02.2023 13:59:00 inf LNK > Link generated https://t.me/+gjMs99o1b8o1ZWRk
05.02.2023 13:59:00 inf LNK > Generated by controller
05.02.2023 13:59:03 inf LNK > Links available: 139
05.02.2023 13:59:03 inf LNK > Link generate request:
05.02.2023 13:59:03 inf LNK > generated:https://t.me/+LUtGYd5l7R4zZTg0
05.02.2023 13:59:03 inf LNK > server: enqueued
05.02.2023 13:59:03 inf LNK > Link generated https://t.me/+LUtGYd5l7R4zZTg0
05.02.2023 13:59:03 inf LNK > Generated by controller
05.02.2023 13:59:06 inf LNK > Links available: 140
05.02.2023 13:59:06 inf LNK > Link generate request:
05.02.2023 13:59:06 inf LNK > generated:https://t.me/+mbPFmil1-FJmZDA8
05.02.2023 13:59:06 inf LNK > server: enqueued
05.02.2023 13:59:06 inf LNK > Link generated https://t.me/+mbPFmil1-FJmZDA8
05.02.2023 13:59:06 inf LNK > Generated by controller
05.02.2023 13:59:09 inf LNK > Links available: 141
05.02.2023 13:59:09 inf LNK > Link generate request:
05.02.2023 13:59:10 inf LNK > generated:https://t.me/+RmJg0JBxWZkyY2Fk
05.02.2023 13:59:10 inf LNK > server: enqueued
05.02.2023 13:59:10 inf LNK > Link generated https://t.me/+RmJg0JBxWZkyY2Fk
05.02.2023 13:59:10 inf LNK > Generated by controller
05.02.2023 13:59:13 inf LNK > Links available: 142
05.02.2023 13:59:13 inf LNK > Link generate request:
05.02.2023 13:59:13 inf LNK > generated:https://t.me/+wEE9WaoGzb03MjA0
05.02.2023 13:59:13 inf LNK > server: enqueued
05.02.2023 13:59:13 inf LNK > Link generated https://t.me/+wEE9WaoGzb03MjA0
05.02.2023 13:59:13 inf LNK > Generated by controller
05.02.2023 13:59:16 inf LNK > Links available: 143
05.02.2023 13:59:16 inf LNK > Link generate request:
05.02.2023 13:59:16 inf LNK > generated:https://t.me/+ubBeVnNNvRwxMDA0
05.02.2023 13:59:16 inf LNK > server: enqueued
05.02.2023 13:59:16 inf LNK > Link generated https://t.me/+ubBeVnNNvRwxMDA0
05.02.2023 13:59:16 inf LNK > Generated by controller
05.02.2023 13:59:19 inf LNK > Links available: 144
05.02.2023 13:59:19 inf LNK > Link generate request:
05.02.2023 13:59:19 inf LNK > generated:https://t.me/+f1umLV9U1w9hYjNk
05.02.2023 13:59:19 inf LNK > server: enqueued
05.02.2023 13:59:19 inf LNK > Link generated https://t.me/+f1umLV9U1w9hYjNk
05.02.2023 13:59:19 inf LNK > Generated by controller
05.02.2023 13:59:23 inf LNK > Links available: 145
05.02.2023 13:59:23 inf LNK > Link generate request:
05.02.2023 13:59:23 inf LNK > generated:https://t.me/+qmtoCla7RRU4MTBk
05.02.2023 13:59:23 inf LNK > server: enqueued
05.02.2023 13:59:23 inf LNK > Link generated https://t.me/+qmtoCla7RRU4MTBk
05.02.2023 13:59:23 inf LNK > Generated by controller
05.02.2023 13:59:26 inf LNK > Links available: 146
05.02.2023 13:59:26 inf LNK > Link generate request:
05.02.2023 13:59:26 inf LNK > generated:https://t.me/+1WgReJimGuM0ODc8
05.02.2023 13:59:26 inf LNK > server: enqueued
05.02.2023 13:59:26 inf LNK > Link generated https://t.me/+1WgReJimGuM0ODc8
05.02.2023 13:59:26 inf LNK > Generated by controller
05.02.2023 13:59:29 inf LNK > Links available: 147
05.02.2023 13:59:29 inf LNK > Link generate request:
05.02.2023 13:59:29 inf LNK > generated:https://t.me/+ZiOTRPeDLfg2OTNk
05.02.2023 13:59:29 inf LNK > server: enqueued
05.02.2023 13:59:29 inf LNK > Link generated https://t.me/+ZiOTRPeDLfg2OTNk
05.02.2023 13:59:29 inf LNK > Generated by controller
05.02.2023 13:59:32 inf LNK > Links available: 148
05.02.2023 13:59:32 inf LNK > Link generate request:
05.02.2023 13:59:42 inf LNK > generated:https://t.me/+N9CeEwjYFotkNDI0
05.02.2023 13:59:42 inf LNK > server: enqueued
05.02.2023 13:59:42 inf LNK > Link generated https://t.me/+N9CeEwjYFotkNDI0
05.02.2023 13:59:42 inf LNK > Generated by controller
05.02.2023 13:59:46 inf LNK > Links available: 149
05.02.2023 13:59:46 inf LNK > Link generate request:
05.02.2023 13:59:46 inf LNK > generated:https://t.me/+U90w9jwspX42NjVk
05.02.2023 13:59:46 inf LNK > server: enqueued
05.02.2023 13:59:46 inf LNK > Link generated https://t.me/+U90w9jwspX42NjVk
05.02.2023 13:59:46 inf LNK > Generated by controller
05.02.2023 13:59:49 inf LNK > Links available: 150
05.02.2023 13:59:49 inf LNK > Link generate request:
05.02.2023 13:59:49 inf LNK > generated:https://t.me/+y74onfnV-lUxMzNk
05.02.2023 13:59:49 inf LNK > server: enqueued
05.02.2023 13:59:49 inf LNK > Link generated https://t.me/+y74onfnV-lUxMzNk
05.02.2023 13:59:49 inf LNK > Generated by controller
05.02.2023 13:59:52 inf LNK > Link control stopped
05.02.2023 14:05:36 inf LNK > Link revoke request https://t.me/+zuQ2RQtRngFiYjlk
05.02.2023 14:05:36 inf LNK > revoked: CH=-1001842421061 link=https://t.me/+zuQ2RQtRngFiYjlk
05.02.2023 14:05:36 inf LNK > Link generate request:
05.02.2023 14:05:36 inf LNK > generated:https://t.me/+Z5KRGB2sXyk3NjE0
05.02.2023 14:05:36 inf LNK > server: enqueued
05.02.2023 14:05:36 inf LNK > Link generated https://t.me/+Z5KRGB2sXyk3NjE0
05.02.2023 14:05:43 inf LNK > Link revoke request https://t.me/+OJzHECF8wLk4YmU0
05.02.2023 14:05:43 inf LNK > revoked: CH=-1001842421061 link=https://t.me/+OJzHECF8wLk4YmU0
05.02.2023 14:05:43 inf LNK > Link generate request:
05.02.2023 14:05:43 inf LNK > generated:https://t.me/+vv-CnsgqEQYzYzA0
05.02.2023 14:05:43 inf LNK > server: enqueued
05.02.2023 14:05:43 inf LNK > Link generated https://t.me/+vv-CnsgqEQYzYzA0
05.02.2023 14:05:51 inf LNK > Link revoke request https://t.me/+H98XRU6h-HMwZjRk
05.02.2023 14:05:51 inf LNK > revoked: CH=-1001842421061 link=https://t.me/+H98XRU6h-HMwZjRk
05.02.2023 14:05:51 inf LNK > Link generate request:
05.02.2023 14:05:51 inf LNK > generated:https://t.me/+rEO0Qll8M3xjNGY0
05.02.2023 14:05:51 inf LNK > server: enqueued
05.02.2023 14:05:51 inf LNK > Link generated https://t.me/+rEO0Qll8M3xjNGY0
